[0815/203254.080:ERROR:crash_report_database_win.cc(469)] failed to stat report
[0815/203533.271:ERROR:crash_report_database_win.cc(469)] failed to stat report
[0815/204707.058:ERROR:crash_report_database_win.cc(469)] failed to stat report
[0815/205137.364:ERROR:crash_report_database_win.cc(469)] failed to stat report
[0815/205549.291:ERROR:crash_report_database_win.cc(469)] failed to stat report
[0815/205726.237:ERROR:crash_report_database_win.cc(469)] failed to stat report
[0815/211317.281:ERROR:crash_report_database_win.cc(469)] failed to stat report
[0815/211349.225:ERROR:crash_report_database_win.cc(469)] failed to stat report
[0815/211523.288:ERROR:crash_report_database_win.cc(469)] failed to stat report
[0815/212225.795:ERROR:crash_report_database_win.cc(469)] failed to stat report
[0815/212351.664:ERROR:crash_report_database_win.cc(469)] failed to stat report
[0815/212902.158:ERROR:crash_report_database_win.cc(469)] failed to stat report
[0815/214246.765:ERROR:crash_report_database_win.cc(469)] failed to stat report
[0815/214851.109:ERROR:crash_report_database_win.cc(469)] failed to stat report
<<<<<<< HEAD
[0815/222738.161:ERROR:crash_report_database_win.cc(469)] failed to stat report
[0815/223715.719:ERROR:crash_report_database_win.cc(469)] failed to stat report
[0815/230342.388:ERROR:crash_report_database_win.cc(469)] failed to stat report
[0815/230913.861:ERROR:crash_report_database_win.cc(469)] failed to stat report
=======
[0816/193828.960:ERROR:crash_report_database_win.cc(469)] failed to stat report
[0816/193929.602:ERROR:crash_report_database_win.cc(469)] failed to stat report
[0816/194026.004:ERROR:crash_report_database_win.cc(469)] failed to stat report
[0816/194358.397:ERROR:crash_report_database_win.cc(469)] failed to stat report
>>>>>>> origin/dynamic-scaling
[0816/194956.628:ERROR:crash_report_database_win.cc(469)] failed to stat report
[0816/195126.548:ERROR:crash_report_database_win.cc(469)] failed to stat report
[0816/195236.564:ERROR:crash_report_database_win.cc(469)] failed to stat report
[0816/195513.543:ERROR:crash_report_database_win.cc(469)] failed to stat report
[0816/234525.829:ERROR:crash_report_database_win.cc(469)] failed to stat report
[0821/193334.370:ERROR:crash_report_database_win.cc(469)] failed to stat report
[0821/193334.371:ERROR:crash_report_database_win.cc(469)] failed to stat report
[0821/194412.047:ERROR:crash_report_database_win.cc(469)] failed to stat report
[0821/194412.047:ERROR:crash_report_database_win.cc(469)] failed to stat report
[0821/194726.602:ERROR:crash_report_database_win.cc(469)] failed to stat report
[0821/194726.602:ERROR:crash_report_database_win.cc(469)] failed to stat report
[0821/194839.026:ERROR:crash_report_database_win.cc(469)] failed to stat report
[0821/194839.027:ERROR:crash_report_database_win.cc(469)] failed to stat report
[0821/195406.520:ERROR:crash_report_database_win.cc(469)] failed to stat report
[0821/195406.521:ERROR:crash_report_database_win.cc(469)] failed to stat report
[0821/195606.710:ERROR:crash_report_database_win.cc(469)] failed to stat report
[0821/195606.711:ERROR:crash_report_database_win.cc(469)] failed to stat report
[0821/200021.596:ERROR:crash_report_database_win.cc(469)] failed to stat report
[0821/200021.597:ERROR:crash_report_database_win.cc(469)] failed to stat report
[0821/200054.597:ERROR:crash_report_database_win.cc(469)] failed to stat report
[0821/200054.597:ERROR:crash_report_database_win.cc(469)] failed to stat report
[0822/230139.584:ERROR:crash_report_database_win.cc(469)] failed to stat report
[0822/230139.585:ERROR:crash_report_database_win.cc(469)] failed to stat report
[0822/230314.340:ERROR:crash_report_database_win.cc(469)] failed to stat report
[0822/230314.341:ERROR:crash_report_database_win.cc(469)] failed to stat report
[0822/230606.309:ERROR:crash_report_database_win.cc(469)] failed to stat report
[0822/230606.309:ERROR:crash_report_database_win.cc(469)] failed to stat report
[0822/231245.509:ERROR:crash_report_database_win.cc(469)] failed to stat report
[0822/231245.510:ERROR:crash_report_database_win.cc(469)] failed to stat report
[1012/215506.684:ERROR:directory_reader_win.cc(43)] FindFirstFile: The system cannot find the path specified. (0x3)
